20250610	19:53:20	703908d7-4f08-49dd-8cec-a67ef8847180	GET	/api/auth/refresh	undefined
20250610	19:53:40	7c4fcefa-2710-410a-ae97-e87c50ff970a	POST	/api/auth/logout	undefined
20250610	19:53:44	e7050681-20ae-4ae5-8627-2d8afafa8308	POST	/api/auth/login	undefined
20250610	19:53:50	e798b438-5099-494a-94db-5a3565c18493	GET	/auth/refresh	undefined
20250610	19:54:38	b2021e29-2bb0-415b-8b6c-ad9f2125593f	GET	/auth/refresh	undefined
20250610	19:58:02	d1ebe021-06b3-43b2-92c7-560d5b9958e5	GET	/api/words	undefined
20250610	19:58:02	fc0ba4a4-687a-436a-ae50-dadbb8ac84ec	GET	/api/languages	undefined
20250610	19:58:02	9c894108-d296-47e8-b131-b07c97137080	GET	/api/words	undefined
20250610	19:58:02	52acd683-69e2-4e73-a0ee-84aff9961a08	GET	/api/languages	undefined
20250610	19:58:13	90809071-3097-4145-9d25-d26b8a5565ad	GET	/api/words	undefined
20250610	19:58:13	d67c2201-9c80-4416-82d9-2bba21949257	GET	/api/languages	undefined
20250610	19:58:13	273ded7b-9b04-43e0-a567-5c52f21095a3	GET	/api/languages	undefined
20250610	19:58:13	65da846d-3406-4862-9823-ab8ceb91b031	GET	/api/words	undefined
20250610	19:58:26	275fa300-83cf-4c01-bd97-e4051a6fd727	GET	/auth/refresh	undefined
20250610	19:58:40	65f9d912-ec6d-4d0d-a5d8-bba19c8b086e	GET	/api/auth/refresh	undefined
20250610	19:59:09	94ca74de-ff6d-48eb-939c-fa82ba6eb58f	GET	/auth/refresh	undefined
20250610	20:01:54	7e2c200a-0354-4acd-8a37-351517432d52	POST	/auth/refresh	undefined
20250610	20:02:03	90fecb3f-a199-4b41-8869-104dd0cf4938	GET	/auth/refresh	undefined
20250610	20:02:22	486313f7-8655-4ccc-aa6c-3c41c03c4a76	GET	/auth/refresh	undefined
20250610	20:02:27	bfe3d587-f031-48d7-9fe4-0fc9d69ae170	POST	/api/auth/login	undefined
20250610	20:02:37	3ce017b2-8231-4773-8272-683d79c52e14	GET	/auth/refresh	undefined
20250610	20:02:56	2ef58766-a2c6-4cc4-bf4a-e5174a9fe0e3	GET	/api/auth/refresh	undefined
